TN:
SF:src\app.js
FN:8,(anonymous_0)
FN:12,(anonymous_1)
FN:13,(anonymous_2)
FN:26,(anonymous_3)
FNF:4
FNH:3
FNDA:1,(anonymous_0)
FNDA:2,(anonymous_1)
FNDA:16,(anonymous_2)
FNDA:0,(anonymous_3)
DA:1,1
DA:2,1
DA:3,1
DA:5,1
DA:6,1
DA:8,1
DA:9,1
DA:12,1
DA:13,16
DA:15,2
DA:16,1
DA:19,1
DA:22,1
DA:25,1
DA:26,0
DA:27,0
DA:31,1
LF:17
LH:15
BRDA:15,0,0,1
BRDA:15,0,1,1
BRDA:22,1,0,1
BRDA:22,1,1,1
BRDA:25,2,0,0
BRDA:25,2,1,1
BRF:6
BRH:5
end_of_record
TN:
SF:src\movies.js
FNF:0
FNH:0
DA:1,1
DA:154,1
LF:2
LH:2
BRF:0
BRH:0
end_of_record
